<?xml version="1.0" encoding="UTF-8"?>
<testng-results ignored="0" total="1" passed="1" failed="0" skipped="0">
  <reporter-output>
  </reporter-output>
  <suite started-at="2024-11-13T13:17:09 IST" name="Default suite" finished-at="2024-11-13T13:17:19 IST" duration-ms="9080">
    <groups>
    </groups>
    <test started-at="2024-11-13T13:17:09 IST" name="Default test" finished-at="2024-11-13T13:17:19 IST" duration-ms="9080">
      <class name="computers.TC_DWS_006_Test">
        <test-method is-config="true" signature="configReport()[pri:0, instance:computers.TC_DWS_006_Test@3c41ed1d]" started-at="2024-11-13T13:17:09 IST" name="configReport" finished-at="2024-11-13T13:17:09 IST" duration-ms="255" status="PASS">
          <reporter-output>
          </reporter-output>
        </test-method> <!-- configReport -->
        <test-method is-config="true" signature="launchBrowser(java.lang.String)[pri:0, instance:computers.TC_DWS_006_Test@3c41ed1d]" started-at="2024-11-13T13:17:09 IST" name="launchBrowser" finished-at="2024-11-13T13:17:15 IST" duration-ms="5062" status="PASS">
          <params>
            <param index="0">
              <value>
                <![CDATA[chrome]]>
              </value>
            </param>
          </params>
          <reporter-output>
          </reporter-output>
        </test-method> <!-- launchBrowser -->
        <test-method is-config="true" signature="login()[pri:0, instance:computers.TC_DWS_006_Test@3c41ed1d]" started-at="2024-11-13T13:17:15 IST" name="login" finished-at="2024-11-13T13:17:16 IST" duration-ms="1662" status="PASS">
          <reporter-output>
          </reporter-output>
        </test-method> <!-- login -->
        <test-method signature="clickOnComputers()[pri:0, instance:computers.TC_DWS_006_Test@3c41ed1d]" started-at="2024-11-13T13:17:16 IST" name="clickOnComputers" finished-at="2024-11-13T13:17:18 IST" duration-ms="1369" status="PASS">
          <reporter-output>
          </reporter-output>
        </test-method> <!-- clickOnComputers -->
        <test-method is-config="true" signature="logout()[pri:0, instance:computers.TC_DWS_006_Test@3c41ed1d]" started-at="2024-11-13T13:17:18 IST" name="logout" finished-at="2024-11-13T13:17:18 IST" duration-ms="723" status="PASS">
          <reporter-output>
          </reporter-output>
        </test-method> <!-- logout -->
        <test-method is-config="true" signature="closeBrowser()[pri:0, instance:computers.TC_DWS_006_Test@3c41ed1d]" started-at="2024-11-13T13:17:18 IST" name="closeBrowser" finished-at="2024-11-13T13:17:19 IST" duration-ms="230" status="PASS">
          <reporter-output>
          </reporter-output>
        </test-method> <!-- closeBrowser -->
        <test-method is-config="true" signature="reportBackup()[pri:0, instance:computers.TC_DWS_006_Test@3c41ed1d]" started-at="2024-11-13T13:17:19 IST" name="reportBackup" finished-at="2024-11-13T13:17:19 IST" duration-ms="282" status="PASS">
          <reporter-output>
          </reporter-output>
        </test-method> <!-- reportBackup -->
      </class> <!-- computers.TC_DWS_006_Test -->
    </test> <!-- Default test -->
  </suite> <!-- Default suite -->
</testng-results>
